<?xml version="1.0" encoding="UTF-8"?>
<!-- Generated by org.testng.reporters.JUnitReportReporter -->
<testsuite hostname="Nitish" failures="0" tests="3" name="org.hexa.Sample" time="91.628" errors="0" timestamp="12 Apr 2024 06:19:30 GMT" skipped="0">
  <testcase classname="org.hexa.Sample" name="login" time="29.797"/>
  <testcase classname="org.hexa.Sample" name="login" time="31.325"/>
  <testcase classname="org.hexa.Sample" name="login" time="30.506"/>
</testsuite> <!-- org.hexa.Sample -->
